<?xml version="1.0" encoding="UTF-8"?>
<!-- Generated by org.testng.reporters.JUnitXMLReporter -->
<testsuite ignored="0" hostname="DESKTOP-1PC1O0I" failures="1" tests="2" name="Test(failed)" time="10.274" errors="0" timestamp="2024-04-23T13:04:05 GMT-07:00">
  <testcase classname="testCases.Tc_002_LoginTest" name="verfiylogin" time="1.559"/>
  <testcase classname="testCases.Tc_001_AccountRegistrationTest" name="testmethod" time="3.801">
    <failure type="java.lang.AssertionError" message="null">
      <![CDATA[java.lang.AssertionError: null
at testCases.Tc_001_AccountRegistrationTest.testmethod(Tc_001_AccountRegistrationTest.java:58)
at java.base/java.util.ArrayList.forEach(ArrayList.java:1511)
... Removed 29 stack frames]]>
    </failure>
  </testcase> <!-- testmethod -->
</testsuite> <!-- Test(failed) -->
